# JRE version: Java(TM) SE Runtime Environment (8.0_71-b15) (build 1.8.0_71-b15)
# Java VM: Java HotSpot(TM) 64-Bit Server VM (25.71-b15 mixed mode windows-amd64 compressed oops)
Heap:
 PSYoungGen      total 284672K, used 245179K [0x0000000715a00000, 0x0000000751800000, 0x00000007c0000000)
  eden space 263168K, 93% used [0x0000000715a00000,0x000000072496ecd0,0x0000000725b00000)
  from space 21504K, 0% used [0x0000000725b00000,0x0000000725b00000,0x0000000727000000)
  to   space 251392K, 0% used [0x0000000742280000,0x0000000742280000,0x0000000751800000)
 ParOldGen       total 1073664K, used 633173K [0x00000005c0e00000, 0x0000000602680000, 0x0000000715a00000)
  object space 1073664K, 58% used [0x00000005c0e00000,0x00000005e78554b8,0x0000000602680000)
 Metaspace       used 2809K, capacity 4498K, committed 4864K, reserved 1056768K
  class space    used 303K, capacity 386K, committed 512K, reserved 1048576K
GC Heap History (10 events):
Event: 33.399 GC heap before
{Heap before GC invocations=3 (full 0):
 PSYoungGen      total 153088K, used 142830K [0x0000000715a00000, 0x0000000728500000, 0x00000007c0000000)
  eden space 131584K, 92% used [0x0000000715a00000,0x000000071d07d900,0x000000071da80000)
  from space 21504K, 99% used [0x000000071ef80000,0x000000072047e220,0x0000000720480000)
  to   space 21504K, 0% used [0x000000071da80000,0x000000071da80000,0x000000071ef80000)
 ParOldGen       total 349696K, used 203976K [0x00000005c0e00000, 0x00000005d6380000, 0x0000000715a00000)
  object space 349696K, 58% used [0x00000005c0e00000,0x00000005cd532200,0x00000005d6380000)
 Metaspace       used 2799K, capacity 4490K, committed 4864K, reserved 1056768K
  class space    used 302K, capacity 386K, committed 512K, reserved 1048576K
Event: 33.508 GC heap after
Heap after GC invocations=3 (full 0):
 PSYoungGen      total 153088K, used 21472K [0x0000000715a00000, 0x0000000728500000, 0x00000007c0000000)
  eden space 131584K, 0% used [0x0000000715a00000,0x0000000715a00000,0x000000071da80000)
  from space 21504K, 99% used [0x000000071da80000,0x000000071ef78020,0x000000071ef80000)
  to   space 21504K, 0% used [0x0000000727000000,0x0000000727000000,0x0000000728500000)
 ParOldGen       total 349696K, used 332545K [0x00000005c0e00000, 0x00000005d6380000, 0x0000000715a00000)
  object space 349696K, 95% used [0x00000005c0e00000,0x00000005d52c07e0,0x00000005d6380000)
 Metaspace       used 2799K, capacity 4490K, committed 4864K, reserved 1056768K
  class space    used 302K, capacity 386K, committed 512K, reserved 1048576K
}
Event: 33.508 GC heap before
{Heap before GC invocations=4 (full 1):
 PSYoungGen      total 153088K, used 21472K [0x0000000715a00000, 0x0000000728500000, 0x00000007c0000000)
  eden space 131584K, 0% used [0x0000000715a00000,0x0000000715a00000,0x000000071da80000)
  from space 21504K, 99% used [0x000000071da80000,0x000000071ef78020,0x000000071ef80000)
  to   space 21504K, 0% used [0x0000000727000000,0x0000000727000000,0x0000000728500000)
 ParOldGen       total 349696K, used 332545K [0x00000005c0e00000, 0x00000005d6380000, 0x0000000715a00000)
  object space 349696K, 95% used [0x00000005c0e00000,0x00000005d52c07e0,0x00000005d6380000)
 Metaspace       used 2799K, capacity 4490K, committed 4864K, reserved 1056768K
  class space    used 302K, capacity 386K, committed 512K, reserved 1048576K
Event: 35.212 GC heap after
Heap after GC invocations=4 (full 1):
 PSYoungGen      total 153088K, used 0K [0x0000000715a00000, 0x0000000728500000, 0x00000007c0000000)
  eden space 131584K, 0% used [0x0000000715a00000,0x0000000715a00000,0x000000071da80000)
  from space 21504K, 0% used [0x000000071da80000,0x000000071da80000,0x000000071ef80000)
  to   space 21504K, 0% used [0x0000000727000000,0x0000000727000000,0x0000000728500000)
 ParOldGen       total 605696K, used 313144K [0x00000005c0e00000, 0x00000005e5d80000, 0x0000000715a00000)
  object space 605696K, 51% used [0x00000005c0e00000,0x00000005d3fce030,0x00000005e5d80000)
 Metaspace       used 2799K, capacity 4490K, committed 4864K, reserved 1056768K
  class space    used 302K, capacity 386K, committed 512K, reserved 1048576K
}
Event: 35.274 GC heap before
{Heap before GC invocations=5 (full 1):
 PSYoungGen      total 153088K, used 131584K [0x0000000715a00000, 0x0000000728500000, 0x00000007c0000000)
  eden space 131584K, 100% used [0x0000000715a00000,0x000000071da80000,0x000000071da80000)
  from space 21504K, 0% used [0x000000071da80000,0x000000071da80000,0x000000071ef80000)
  to   space 21504K, 0% used [0x0000000727000000,0x0000000727000000,0x0000000728500000)
 ParOldGen       total 605696K, used 313144K [0x00000005c0e00000, 0x00000005e5d80000, 0x0000000715a00000)
  object space 605696K, 51% used [0x00000005c0e00000,0x00000005d3fce030,0x00000005e5d80000)
 Metaspace       used 2799K, capacity 4490K, committed 4864K, reserved 1056768K
  class space    used 302K, capacity 386K, committed 512K, reserved 1048576K
Event: 35.418 GC heap after
Heap after GC invocations=5 (full 1):
 PSYoungGen      total 271360K, used 21504K [0x0000000715a00000, 0x0000000728500000, 0x00000007c0000000)
  eden space 249856K, 0% used [0x0000000715a00000,0x0000000715a00000,0x0000000724e00000)
  from space 21504K, 100% used [0x0000000727000000,0x0000000728500000,0x0000000728500000)
  to   space 21504K, 0% used [0x0000000725b00000,0x0000000725b00000,0x0000000727000000)
 ParOldGen       total 605696K, used 422223K [0x00000005c0e00000, 0x00000005e5d80000, 0x0000000715a00000)
  object space 605696K, 69% used [0x00000005c0e00000,0x00000005daa53c90,0x00000005e5d80000)
 Metaspace       used 2799K, capacity 4490K, committed 4864K, reserved 1056768K
  class space    used 302K, capacity 386K, committed 512K, reserved 1048576K
}
Event: 35.493 GC heap before
{Heap before GC invocations=6 (full 1):
 PSYoungGen      total 271360K, used 271360K [0x0000000715a00000, 0x0000000728500000, 0x00000007c0000000)
  eden space 249856K, 100% used [0x0000000715a00000,0x0000000724e00000,0x0000000724e00000)
  from space 21504K, 100% used [0x0000000727000000,0x0000000728500000,0x0000000728500000)
  to   space 21504K, 0% used [0x0000000725b00000,0x0000000725b00000,0x0000000727000000)
 ParOldGen       total 605696K, used 422223K [0x00000005c0e00000, 0x00000005e5d80000, 0x0000000715a00000)
  object space 605696K, 69% used [0x00000005c0e00000,0x00000005daa53c90,0x00000005e5d80000)
 Metaspace       used 2799K, capacity 4490K, committed 4864K, reserved 1056768K
  class space    used 302K, capacity 386K, committed 512K, reserved 1048576K
Event: 35.744 GC heap after
Heap after GC invocations=6 (full 1):
 PSYoungGen      total 284672K, used 21504K [0x0000000715a00000, 0x0000000751800000, 0x00000007c0000000)
  eden space 263168K, 0% used [0x0000000715a00000,0x0000000715a00000,0x0000000725b00000)
  from space 21504K, 100% used [0x0000000725b00000,0x0000000727000000,0x0000000727000000)
  to   space 251392K, 0% used [0x0000000742280000,0x0000000742280000,0x0000000751800000)
 ParOldGen       total 673792K, used 672865K [0x00000005c0e00000, 0x00000005ea000000, 0x0000000715a00000)
  object space 673792K, 99% used [0x00000005c0e00000,0x00000005e9f18718,0x00000005ea000000)
 Metaspace       used 2799K, capacity 4490K, committed 4864K, reserved 1056768K
  class space    used 302K, capacity 386K, committed 512K, reserved 1048576K
}
Event: 35.744 GC heap before
{Heap before GC invocations=7 (full 2):
 PSYoungGen      total 284672K, used 21504K [0x0000000715a00000, 0x0000000751800000, 0x00000007c0000000)
  eden space 263168K, 0% used [0x0000000715a00000,0x0000000715a00000,0x0000000725b00000)
  from space 21504K, 100% used [0x0000000725b00000,0x0000000727000000,0x0000000727000000)
  to   space 251392K, 0% used [0x0000000742280000,0x0000000742280000,0x0000000751800000)
 ParOldGen       total 673792K, used 672865K [0x00000005c0e00000, 0x00000005ea000000, 0x0000000715a00000)
  object space 673792K, 99% used [0x00000005c0e00000,0x00000005e9f18718,0x00000005ea000000)
 Metaspace       used 2799K, capacity 4490K, committed 4864K, reserved 1056768K
  class space    used 302K, capacity 386K, committed 512K, reserved 1048576K
Event: 38.629 GC heap after
Heap after GC invocations=7 (full 2):
 PSYoungGen      total 284672K, used 0K [0x0000000715a00000, 0x0000000751800000, 0x00000007c0000000)
  eden space 263168K, 0% used [0x0000000715a00000,0x0000000715a00000,0x0000000725b00000)
  from space 21504K, 0% used [0x0000000725b00000,0x0000000725b00000,0x0000000727000000)
  to   space 251392K, 0% used [0x0000000742280000,0x0000000742280000,0x0000000751800000)
 ParOldGen       total 1073664K, used 633173K [0x00000005c0e00000, 0x0000000602680000, 0x0000000715a00000)
  object space 1073664K, 58% used [0x00000005c0e00000,0x00000005e78554b8,0x0000000602680000)
 Metaspace       used 2799K, capacity 4490K, committed 4864K, reserved 1056768K
  class space    used 302K, capacity 386K, committed 512K, reserved 1048576K
}

